<?xml version="1.0" encoding="UTF-8"?>
<!-- Generated by org.testng.reporters.JUnitReportReporter -->
<testsuite hostname="Dell-PC" failures="0" tests="1" name="practiceMaven.ParameterTest" time="0.036" errors="0" timestamp="2022-03-23T13:24:31 IST" skipped="0">
  <testcase classname="practiceMaven.ParameterTest" name="getData" time="0.036"/>
  <system-out/>
</testsuite> <!-- practiceMaven.ParameterTest -->
