<?xml version="1.0" encoding="UTF-8"?>
<!-- Generated by org.testng.reporters.JUnitReportReporter -->
<testsuite hostname="Dell-PC" failures="0" tests="2" name="practiceMaven.CreateContactTest" time="0.014" errors="0" timestamp="2022-03-23T13:13:40 IST" skipped="0">
  <testcase classname="practiceMaven.CreateContactTest" name="createContact" time="0.004"/>
  <system-out/>
  <testcase classname="practiceMaven.CreateContactTest" name="deleteContact" time="0.010"/>
  <system-out/>
</testsuite> <!-- practiceMaven.CreateContactTest -->
