<?xml version="1.0" encoding="UTF-8"?>
<!-- Generated by org.testng.reporters.JUnitReportReporter -->
<testsuite hostname="Dell-PC" failures="0" tests="1" name="practiceMaven.CreateLeadTest" time="0.032" errors="0" timestamp="2022-03-23T13:13:40 IST" skipped="0">
  <testcase classname="practiceMaven.CreateLeadTest" name="createLead" time="0.032"/>
  <system-out/>
</testsuite> <!-- practiceMaven.CreateLeadTest -->
